cat0.off -> 0.0579788 0.0580263 0.059849 0.0598537 0.0615785 0.0616171 0.0619887 0.0622391 0.0633438 0.0634158 0.0635354 0.0636343 0.0652664 0.065297 0.0653931 0.0654594 0.0654987 0.0656239 0.0656405 0.066231 
cat1.off -> 0.0653284 0.0675666 0.0679373 0.0685681 0.0688256 0.0688917 0.0689301 0.0690538 0.0692956 0.0693845 0.0695946 0.0697887 0.0699399 0.0701785 0.070264 0.0705281 0.0706478 0.0707176 0.0707724 0.0709475 
cat10.off -> 0.0616512 0.0630241 0.0645927 0.0658812 0.0660176 0.0660545 0.0663167 0.0665562 0.0666484 0.0670464 0.0671521 0.0672511 0.0672583 0.0675043 0.0675513 0.0676214 0.067681 0.067684 0.067694 0.0676969 
cat2.off -> 0.0498065 0.0499551 0.0506912 0.0513316 0.0522165 0.0523828 0.0526798 0.0530622 0.0537234 0.0540698 0.0543627 0.0562373 0.0563842 0.0564334 0.0566137 0.0567804 0.0570526 0.0571312 0.0573229 0.0575294 
cat3.off -> 0.0608052 0.0614297 0.0628546 0.0634951 0.0659865 0.0661831 0.0662972 0.0671605 0.0672935 0.0678151 0.0679305 0.0682721 0.0684506 0.0692079 0.06952 0.0700302 0.0701417 0.0706184 0.0709606 0.0714896 
cat4.off -> 0.0570325 0.0599881 0.0625506 0.0641454 0.0677762 0.0681258 0.0691741 0.0696982 0.0704262 0.0705008 0.0706241 0.0711278 0.0714783 0.071528 0.071602 0.0716527 0.0716611 0.0716738 0.0718673 0.0718979 
cat5.off -> 0.0551167 0.0569057 0.0573846 0.0575356 0.0588242 0.0591658 0.0595524 0.060245 0.060275 0.0606809 0.0608361 0.0612606 0.0617824 0.061818 0.0620637 0.0623522 0.0627351 0.0628098 0.0633649 0.063584 
cat7.off -> 0.0389525 0.0442696 0.0453931 0.0463983 0.0466744 0.046758 0.0483049 0.0491972 0.0492108 0.0495408 0.050509 0.0510967 0.0513802 0.0514254 0.0514444 0.0520991 0.0522815 0.0523626 0.0524959 0.0529287 
cat8.off -> 0.0443531 0.0446188 0.04491 0.0453472 0.0469691 0.0473787 0.0479858 0.0488776 0.0490928 0.0492674 0.0500884 0.0503033 0.050954 0.0512117 0.051606 0.0520044 0.0522739 0.0525605 0.0526216 0.0527767 
centaur0.off -> 0.0494093 0.0504764 0.0508433 0.0512548 0.0513861 0.0519205 0.0519406 0.0524076 0.0526092 0.0534884 0.0535021 0.0547815 0.0548907 0.0548944 0.0548971 0.0553688 0.0557955 0.0558637 0.0564624 0.0575622 
centaur1.off -> 0.0559197 0.0564545 0.0569585 0.0571998 0.057546 0.0577913 0.0578396 0.0585853 0.0586934 0.0590344 0.0592151 0.0595581 0.059646 0.0596821 0.059792 0.060037 0.0605688 0.0605969 0.0613983 0.0615497 
centaur2.off -> 0.0543679 0.0549949 0.0550726 0.0551314 0.0551509 0.0557786 0.0559371 0.0561463 0.0566788 0.0570545 0.0572869 0.0574226 0.0576927 0.0579533 0.0586222 0.0588179 0.0588308 0.0590077 0.0594779 0.0596908 
centaur3.off -> 0.0430424 0.0439743 0.0442878 0.0448945 0.0449189 0.0468906 0.0474406 0.0478735 0.048375 0.0485605 0.0496756 0.0511512 0.0519348 0.0524936 0.0526946 0.0530064 0.0530716 0.0540051 0.0544231 0.0548303 
centaur4.off -> 0.0508276 0.0513696 0.0523366 0.0527305 0.0530853 0.0536902 0.0537933 0.0539528 0.0544224 0.0546415 0.0547371 0.0552732 0.0553445 0.0555692 0.0563184 0.0565923 0.057272 0.057415 0.0574813 0.0576678 
centaur5.off -> 
david0.off -> 0.0770512 0.0779448 0.0782244 0.0788586 0.0792091 0.0794728 0.0797591 0.079775 0.0800806 0.0805104 0.0805943 0.0807211 0.0808056 0.0808554 0.0811209 0.0815372 0.0816948 0.081728 0.0817994 0.0822389 
david1.off -> 0.0760079 0.0766247 0.0792003 0.0792655 0.0795802 0.0804303 0.0805614 0.0806385 0.0807455 0.0807914 0.0808231 0.0811664 0.081192 0.0815046 0.081716 0.0817561 0.0818249 0.0819048 0.0820732 0.0821934 
david10.off -> 0.0751497 0.0753093 0.0754166 0.0758221 0.0762063 0.0763584 0.0768569 0.0768695 0.0768927 0.0782376 0.0782863 0.0783636 0.0784132 0.0785002 0.0785144 0.0785454 0.0786945 0.0787014 0.0787118 0.0787242 
david11.off -> 0.075529 0.0756664 0.0759747 0.0759824 0.0770068 0.0779129 0.0784924 0.0786586 0.0787917 0.0791254 0.0795711 0.0800394 0.080047 0.0801058 0.0801114 0.0802081 0.080221 0.0803929 0.0804197 0.0805798 
david12.off -> 0.0796609 0.0799057 0.0801162 0.0801641 0.0808482 0.0811138 0.0812936 0.0815118 0.0818817 0.0820217 0.0821055 0.0821714 0.0821974 0.0822028 0.0822319 0.0823518 0.0826604 0.083111 0.083128 0.0831504 
david13.off -> 0.0774072 0.0779098 0.0789927 0.079249 0.079663 0.0796794 0.0797976 0.0799344 0.0800195 0.0801421 0.0801857 0.0802597 0.0803025 0.0804399 0.0810828 0.081502 0.0816496 0.0816991 0.0817947 0.081883 
david14.off -> 0.0773603 0.0787408 0.0788073 0.0794725 0.0795452 0.0795464 0.079792 0.0802015 0.0803525 0.0805521 0.0805973 0.0807313 0.0811628 0.0812803 0.0813223 0.0814985 0.0816506 0.0817258 0.0818242 0.0818614 
david2.off -> 0.0799359 0.0802647 0.0808254 0.0811074 0.0811825 0.0814923 0.0816177 0.0818606 0.0820531 0.0823201 0.0825951 0.0826438 0.0827676 0.0828497 0.082999 0.0831132 0.0831241 0.0832788 0.0833894 0.0834523 
david3.off -> 0.0753046 0.0770174 0.0770213 0.0770852 0.0775308 0.0783046 0.0783901 0.0786145 0.0795998 0.0796483 0.0798887 0.080248 0.080262 0.0803544 0.0803571 0.0807119 0.0807133 0.0807324 0.0807529 0.0807974 
david4.off -> 0.07603 0.0763532 0.0765763 0.0773313 0.0782705 0.07856 0.0789905 0.079037 0.0792039 0.0794413 0.0794666 0.0795599 0.0795952 0.0796064 0.0798259 0.0798907 0.0801238 0.0803576 0.0803939 0.0804522 
david5.off -> 0.077103 0.077507 0.0777815 0.078471 0.0785569 0.0786394 0.0788562 0.0791372 0.0796252 0.0796308 0.0798004 0.0798294 0.0801119 0.0802256 0.0803009 0.0803204 0.0803601 0.0805401 0.0807607 0.0808314 
david6.off -> 0.0738555 0.0744027 0.0744953 0.0750551 0.0760614 0.0761239 0.076689 0.0768179 0.0770189 0.077063 0.0770988 0.0771417 0.0771661 0.0772482 0.0774595 0.0774626 0.0775028 0.0775607 0.0778012 0.0778824 
david7.off -> 0.0610171 0.0611736 0.0615506 0.0636469 0.0646442 0.0647263 0.0650707 0.065676 0.0656764 0.065756 0.0667926 0.0677032 0.0678246 0.0680129 0.0681995 0.0687227 0.0688457 0.0693692 0.0694389 0.069716 
david8.off -> 0.0802316 0.0810468 0.0815051 0.081628 0.0818127 0.082172 0.0823198 0.0826288 0.0833587 0.0833907 0.0834124 0.0840718 0.0846311 0.0847786 0.0849375 0.0851507 0.0853027 0.0854259 0.0860644 0.0862122 
david9.off -> 0.0830064 0.0835444 0.0846432 0.0846676 0.0847292 0.0857553 0.0858281 0.0862473 0.0863877 0.0866079 0.0868233 0.086874 0.0871489 0.0875846 0.0876064 0.0876082 0.0879178 0.0880337 0.0880511 0.0881326 
dog0.off -> 0.0551552 0.0554626 0.0561345 0.0570427 0.0587275 0.0588673 0.0588899 0.0595824 0.0600248 0.0602705 0.0610455 0.0622532 0.0627967 0.0630088 0.06367 0.0640699 0.0641439 0.064274 0.0648056 0.0653949 
dog1.off -> 0.0479953 0.0495416 0.0511745 0.0524589 0.0525448 0.0537207 0.0539039 0.0539611 0.0539744 0.0541923 0.0554406 0.0556174 0.0559354 0.0569003 0.0574268 0.0575027 0.057688 0.0595616 0.0600337 0.060436 
dog10.off -> 0.0497842 0.0513113 0.0524307 0.0526145 0.0531697 0.0533518 0.0536205 0.0537733 0.0543059 0.0544457 0.0553729 0.0558253 0.0564955 0.0566256 0.0576548 0.0579038 0.0580795 0.0582847 0.0597257 0.0601093 
dog2.off -> 0.0707264 0.0724406 0.0726533 0.0727491 0.0732721 0.0740297 0.0741485 0.0744421 0.074536 0.074743 0.0751222 0.0753617 0.0763795 0.0764711 0.0766123 0.0766568 0.0768461 0.0769073 0.0769609 0.0769655 
dog3.off -> 0.0535358 0.0549876 0.0551421 0.0556714 0.0558971 0.055968 0.0560116 0.0562508 0.0569798 0.0570229 0.0571344 0.0575399 0.0579687 0.0580797 0.0585063 0.05894 0.0589951 0.0595222 0.059743 0.0603446 
dog4.off -> 0.0575881 0.0578217 0.0581774 0.0596188 0.0605867 0.0610346 0.0612769 0.0616854 0.0625908 0.0627521 0.0627989 0.0633358 0.0638748 0.0639892 0.0641264 0.0641455 0.0645641 0.0649483 0.0652736 0.065548 
dog5.off -> 0.0745351 0.0746249 0.075157 0.0751725 0.0754823 0.0755107 0.0755211 0.0757067 0.0757434 0.0757848 0.075845 0.0759257 0.0761455 0.0761743 0.0763813 0.0765192 0.0765622 0.0766103 0.0766388 0.0766402 
dog6.off -> 0.0712757 0.0719921 0.0726169 0.0727616 0.0728475 0.0733811 0.0737216 0.0740208 0.0745273 0.0745457 0.0746632 0.0747212 0.0747697 0.0747777 0.0748627 0.074863 0.0748675 0.0749055 0.0749198 0.0749322 
dog7.off -> 0.051413 0.0514944 0.0528785 0.0529145 0.0529414 0.0529615 0.0533738 0.0537143 0.0542621 0.0547617 0.0559089 0.0559896 0.0565933 0.0574032 0.0574317 0.0575115 0.0575659 0.0584478 0.058645 0.058681 
dog8.off -> 0.0531271 0.0531402 0.0531751 0.0533201 0.0554559 0.0558873 0.0561274 0.0562592 0.0564045 0.0565003 0.05701 0.057264 0.0578545 0.0579123 0.0583788 0.0585932 0.0589128 0.0592206 0.0593065 0.059393 
dog9.off -> 0.0611712 0.0624324 0.0640768 0.0648512 0.0649439 0.0671605 0.0678524 0.0680366 0.0680902 0.068357 0.0684846 0.068606 0.0686394 0.0686716 0.0691701 0.0694764 0.0696988 0.0700748 0.0700885 0.070406 
shark0.off -> 0.0831156 0.0832651 0.0833955 0.0833987 0.0834202 0.0835414 0.0836812 0.0839012 0.0844989 0.0846356 0.084736 0.0848047 0.0848505 0.0849072 0.0849623 0.0849861 0.0850496 0.085137 0.0851745 0.0854177 
victoria0.off -> 0.0788855 0.0793717 0.0798721 0.0799602 0.0801841 0.0804249 0.0808486 0.0815464 0.081649 0.0819043 0.0823389 0.0824324 0.0825316 0.0826319 0.0827376 0.0828254 0.0829963 0.0830287 0.0830711 0.0831349 
victoria1.off -> 0.0788855 0.0793717 0.0798721 0.0799602 0.0801841 0.0804249 0.0808486 0.0815464 0.081649 0.0819043 0.0823389 0.0824324 0.0825316 0.0826319 0.0827376 0.0828254 0.0829963 0.0830287 0.0830711 0.0831349 
victoria10.off -> 0.0759991 0.0768905 0.0776428 0.0781106 0.0785054 0.0787818 0.0789079 0.0797219 0.0800276 0.0802488 0.0802623 0.0802695 0.0803091 0.0804546 0.0804763 0.0805284 0.0806063 0.0807887 0.0809118 0.0810363 
victoria11.off -> 0.074592 0.0750815 0.0755094 0.0764352 0.0773193 0.0777482 0.0777734 0.0781125 0.0782959 0.0791639 0.0795069 0.0795893 0.0796119 0.0797309 0.0797592 0.0798368 0.0798886 0.0799095 0.079931 0.0799445 
victoria12.off -> 0.0759158 0.0764428 0.0767627 0.0778769 0.0780213 0.0783367 0.0784696 0.0785047 0.0792571 0.0797007 0.079705 0.0797493 0.0798538 0.0799561 0.0802136 0.0802973 0.0805551 0.0806305 0.080866 0.0810286 
victoria13.off -> 0.072722 0.073831 0.0738983 0.0741625 0.0742604 0.0754855 0.0757328 0.0758009 0.0759868 0.0760205 0.0763654 0.0763853 0.0765492 0.0767362 0.076842 0.0769802 0.0770588 0.0772625 0.0773048 0.0775054 
victoria14.off -> 0.0727712 0.0738758 0.0738952 0.0741726 0.0742594 0.0755268 0.0757725 0.0757975 0.0760341 0.0760565 0.076416 0.0765255 0.0765891 0.0767823 0.0768749 0.07701 0.0770835 0.0772471 0.0773604 0.0774982 
victoria16.off -> 0.0789126 0.0793685 0.0801394 0.0801593 0.0802017 0.080535 0.080795 0.0809058 0.0809192 0.0813635 0.0819854 0.0822085 0.0824349 0.0826294 0.0827828 0.0829742 0.0830115 0.083142 0.0832461 0.0834198 
victoria17.off -> 0.0773138 0.0778324 0.0781762 0.078768 0.0793134 0.079338 0.0793636 0.0798132 0.0798446 0.0799427 0.0799571 0.0800063 0.0800668 0.0801139 0.0803803 0.0803995 0.0804214 0.0804705 0.0805934 0.0806676 
victoria18.off -> 0.0780469 0.0785025 0.0785043 0.0786489 0.0799406 0.0800819 0.0807082 0.0810891 0.0811134 0.0814589 0.0814886 0.0819468 0.0820291 0.0821386 0.0821619 0.0822926 0.0823818 0.0824584 0.0826486 0.0826947 
victoria19.off -> 0.0787708 0.0795758 0.0800736 0.0801119 0.0807457 0.0808085 0.0812501 0.0813264 0.0816814 0.0817119 0.0819499 0.082018 0.0821052 0.0821173 0.0821708 0.0823366 0.0823762 0.0823838 0.0825811 0.0826742 
victoria2.off -> 0.0797144 0.0809827 0.081133 0.081516 0.0815657 0.0820293 0.0820807 0.0820943 0.082175 0.0821872 0.0822843 0.0824059 0.082467 0.0825714 0.0826112 0.0826579 0.0827018 0.0827618 0.0827746 0.0827959 
victoria20.off -> 0.0554674 0.0559016 0.0562056 0.0572835 0.0580442 0.0591366 0.0600143 0.0613175 0.0615682 0.0615719 0.0626034 0.0628652 0.0641696 0.0650954 0.0652136 0.0652611 0.0652869 0.0653733 0.0658226 0.0660881 
victoria21.off -> 0.0554674 0.0559016 0.0562056 0.0572835 0.0580442 0.0591366 0.0600143 0.0613175 0.0615682 0.0615719 0.0626034 0.0628652 0.0641696 0.0650954 0.0652136 0.0652611 0.0652869 0.0653733 0.0658226 0.0660881 
victoria22.off -> 0.072722 0.073831 0.0738983 0.0741625 0.0742604 0.0754855 0.0757328 0.0758009 0.0759868 0.0760205 0.0763654 0.0763853 0.0765492 0.0767362 0.076842 0.0769802 0.0770588 0.0772625 0.0773048 0.0775054 
victoria23.off -> 0.0714339 0.071757 0.071902 0.0721281 0.0724633 0.0727792 0.0734594 0.0737303 0.0740387 0.0744665 0.0748 0.07481 0.0748825 0.0750742 0.0754196 0.0755962 0.075661 0.0762963 0.0763573 0.0765652 
victoria24.off -> 0.070799 0.0710037 0.0724029 0.0732517 0.073453 0.07358 0.0737909 0.0739467 0.0746161 0.0753821 0.0753994 0.075438 0.0756304 0.075799 0.0758022 0.0758531 0.0760267 0.0764202 0.0764948 0.0766694 
victoria25.off -> 0.0733599 0.0744016 0.0745893 0.0749492 0.0752636 0.0755087 0.0763918 0.0766788 0.0772538 0.077495 0.0779752 0.0780172 0.078403 0.0784878 0.079015 0.0790434 0.0790509 0.0790817 0.0794309 0.0795149 
victoria3.off -> 0.0788855 0.0788871 0.0796521 0.0799901 0.0816247 0.0818413 0.0820381 0.082318 0.0823361 0.0823896 0.0825534 0.082718 0.082879 0.0829352 0.0830313 0.083065 0.0831066 0.0831909 0.083224 0.0833548 
victoria4.off -> 0.0773965 0.0781881 0.0784789 0.0791736 0.080273 0.0805239 0.0807459 0.0807577 0.0810154 0.0811901 0.081398 0.0814228 0.0815369 0.0817457 0.0820087 0.0821249 0.082315 0.0823553 0.0824401 0.0824444 
victoria5.off -> 0.069436 0.0700943 0.0703863 0.0705214 0.0705989 0.071277 0.0715139 0.0720321 0.0720911 0.0724687 0.0725192 0.0730173 0.0730653 0.0733516 0.0735131 0.0735733 0.0735912 0.0736735 0.0736767 0.0738009 
victoria6.off -> 0.0780647 0.079129 0.0796523 0.0798844 0.0805214 0.0808315 0.0812427 0.0813012 0.0815077 0.0817617 0.0822341 0.0824568 0.0826636 0.082711 0.0829111 0.0832504 0.0833516 0.0834143 0.083445 0.0835353 
victoria7.off -> 0.0631293 0.06344 0.0636933 0.063858 0.0646988 0.0658666 0.0659088 0.0663833 0.0666837 0.0666846 0.0678103 0.06863 0.068739 0.0688239 0.0699653 0.0703967 0.0710381 0.0712108 0.0712436 0.0714441 
victoria9.off -> 0.0768133 0.0776111 0.0779095 0.0784138 0.0789508 0.0789601 0.0789876 0.0794511 0.0796284 0.0797908 0.0798601 0.0800684 0.0800838 0.0806123 0.080676 0.0807029 0.0808873 0.0812978 0.0813949 0.0816075 
wolf0.off -> 0.0532001 0.0535068 0.0540974 0.0541039 0.0545966 0.0546103 0.055233 0.0552573 0.0555104 0.0558826 0.0558904 0.0567689 0.0567934 0.0568477 0.0575227 0.0582723 0.0583057 0.0585845 0.0593328 0.059447 
wolf1.off -> 0.0525643 0.0530324 0.0534635 0.0534704 0.0538995 0.0539109 0.0545362 0.0545635 0.054895 0.0548962 0.0556261 0.0557104 0.0561715 0.0566886 0.0569838 0.057008 0.0580917 0.0583446 0.05851 0.0585452 
wolf2.off -> 0.0524487 0.052617 0.0527779 0.0528072 0.0532021 0.0532373 0.0539693 0.0540919 0.0543628 0.0546421 0.0546722 0.0549386 0.0558431 0.0562087 0.0562293 0.0563092 0.0564298 0.0564565 0.0565949 0.0570522 
